<?xml version="1.0" encoding="UTF-8"?>
<!-- Generated by org.testng.reporters.JUnitReportReporter -->
<testsuite skipped="0" hostname="DESKTOP-92K82T3" name="pagefactory.com.bongobd.TestVideo" tests="3" failures="0" timestamp="2020-08-02T15:07:24 BDT" time="39.712" errors="0">
  <testcase name="ClickVideoContent" time="9.687" classname="pagefactory.com.bongobd.TestVideo"/>
  <system-out/>
  <testcase name="LoadContent" time="0.076" classname="pagefactory.com.bongobd.TestVideo"/>
  <system-out/>
  <testcase name="PlayVideoContent" time="29.949" classname="pagefactory.com.bongobd.TestVideo"/>
  <system-out/>
</testsuite> <!-- pagefactory.com.bongobd.TestVideo -->
